{"F:\\JEST\\FizzBuzzTest\\src\\core\\FizzBuzz.ts": {"path":"F:\\JEST\\FizzBuzzTest\\src\\core\\FizzBuzz.ts","statementMap":{"0":{"start":{"line":2,"column":4},"end":{"line":3,"column":22}},"1":{"start":{"line":3,"column":4},"end":{"line":3,"column":22}},"2":{"start":{"line":4,"column":4},"end":{"line":5,"column":18}},"3":{"start":{"line":5,"column":4},"end":{"line":5,"column":18}},"4":{"start":{"line":6,"column":4},"end":{"line":7,"column":18}},"5":{"start":{"line":7,"column":4},"end":{"line":7,"column":18}},"6":{"start":{"line":8,"column":4},"end":{"line":8,"column":13}},"7":{"start":{"line":1,"column":0},"end":{"line":1,"column":16}}},"fnMap":{"0":{"name":"fizzBuzz","decl":{"start":{"line":1,"column":16},"end":{"line":1,"column":24}},"loc":{"start":{"line":1,"column":26},"end":{"line":9,"column":1}}}},"branchMap":{"0":{"loc":{"start":{"line":2,"column":4},"end":{"line":3,"column":22}},"type":"if","locations":[{"start":{"line":2,"column":4},"end":{"line":3,"column":22}},{"start":{"line":2,"column":4},"end":{"line":3,"column":22}}]},"1":{"loc":{"start":{"line":4,"column":4},"end":{"line":5,"column":18}},"type":"if","locations":[{"start":{"line":4,"column":4},"end":{"line":5,"column":18}},{"start":{"line":4,"column":4},"end":{"line":5,"column":18}}]},"2":{"loc":{"start":{"line":6,"column":4},"end":{"line":7,"column":18}},"type":"if","locations":[{"start":{"line":6,"column":4},"end":{"line":7,"column":18}},{"start":{"line":6,"column":4},"end":{"line":7,"column":18}}]}},"s":{"0":8,"1":2,"2":6,"3":2,"4":4,"5":2,"6":2,"7":1},"f":{"0":8},"b":{"0":[2,6],"1":[2,4],"2":[2,2]}}
}
